[2025-04-11 02:01:07,952][root][INFO] - FL_Task - {"dataset": "MNIST", "start_execution_time": "2025-04-11 02:01:07"}
[2025-04-11 02:01:08,017][__main__][INFO] - data loaded
[2025-04-11 02:01:08,042][__main__][INFO] - Latest Local Model download
[2025-04-11 02:01:08,043][root][INFO] - downloaded local_model_name: MNISTClassifier_local_model_V2.pth
[2025-04-11 02:01:08,056][root][INFO] - init model_type: hyperparameter
[2025-04-11 02:01:20,368][root][INFO] - bulid model
[2025-04-11 02:01:20,368][root][INFO] - FL start
[2025-04-11 02:01:20,379][client_api][INFO] - FL_server_IP:port - ccl.gachon.ac.kr:40025
[2025-04-11 02:01:20,381][root][INFO] - FL learning ready
[2025-04-11 02:01:20,381][root][INFO] - fl_task_id: mnist
[2025-04-11 02:01:20,381][root][INFO] - dataset: MNIST
[2025-04-11 02:01:20,381][root][INFO] - output_size: 10
[2025-04-11 02:01:20,381][root][INFO] - validation_split: 0.2
[2025-04-11 02:01:20,381][root][INFO] - model_type: hyperparameter
[2025-04-11 02:01:20,381][root][INFO] - wandb_key: 38f6cf3c2c37660d42ebfe8ab434b72d34be3b31
[2025-04-11 02:01:20,381][root][INFO] - wandb_account: rirakang@gachon.ac.kr
[2025-04-11 02:01:22,138][flwr][WARNING] - DEPRECATED FEATURE: flwr.client.start_numpy_client() is deprecated. 
	Instead, use `flwr.client.start_client()` by ensuring you first call the `.to_client()` method as shown below: 
	flwr.client.start_client(
		server_address='<IP>:<PORT>',
		client=FlowerClient().to_client(), # <-- where FlowerClient is of type flwr.client.NumPyClient object
	)
	Using `start_numpy_client()` is deprecated.

            This is a deprecated feature. It will be removed
            entirely in future versions of Flower.
        
[2025-04-11 02:01:22,139][flwr][WARNING] - DEPRECATED FEATURE: flwr.client.start_client() is deprecated.
	Instead, use the `flower-supernode` CLI command to start a SuperNode as shown below:

		$ flower-supernode --insecure --superlink='<IP>:<PORT>'

	To view all available options, run:

		$ flower-supernode --help

	Using `start_client()` is deprecated.

            This is a deprecated feature. It will be removed
            entirely in future versions of Flower.
        
[2025-04-11 02:01:22,154][flwr][DEBUG] - Opened insecure gRPC connection (no certificates were passed)
[2025-04-11 02:01:22,156][flwr][DEBUG] - ChannelConnectivity.IDLE
[2025-04-11 02:01:22,158][flwr][DEBUG] - ChannelConnectivity.CONNECTING
[2025-04-11 02:01:22,162][flwr][DEBUG] - ChannelConnectivity.TRANSIENT_FAILURE
[2025-04-11 02:01:22,366][flwr][DEBUG] - gRPC channel closed
[2025-04-11 02:01:22,394][root][INFO] - notify_fail start
[2025-04-11 02:01:22,417][root][ERROR] - trainFin
[2025-04-11 02:03:13,206][root][INFO] - bulid model
[2025-04-11 02:03:13,207][root][INFO] - FL start
[2025-04-11 02:03:13,217][client_api][INFO] - FL_server_IP:port - ccl.gachon.ac.kr:40025
[2025-04-11 02:03:13,218][root][INFO] - FL learning ready
[2025-04-11 02:03:13,219][root][INFO] - fl_task_id: mnist
[2025-04-11 02:03:13,219][root][INFO] - dataset: MNIST
[2025-04-11 02:03:13,219][root][INFO] - output_size: 10
[2025-04-11 02:03:13,219][root][INFO] - validation_split: 0.2
[2025-04-11 02:03:13,220][root][INFO] - model_type: hyperparameter
[2025-04-11 02:03:13,220][root][INFO] - wandb_key: 38f6cf3c2c37660d42ebfe8ab434b72d34be3b31
[2025-04-11 02:03:13,220][root][INFO] - wandb_account: rirakang@gachon.ac.kr
[2025-04-11 02:03:13,226][flwr][WARNING] - DEPRECATED FEATURE: flwr.client.start_numpy_client() is deprecated. 
	Instead, use `flwr.client.start_client()` by ensuring you first call the `.to_client()` method as shown below: 
	flwr.client.start_client(
		server_address='<IP>:<PORT>',
		client=FlowerClient().to_client(), # <-- where FlowerClient is of type flwr.client.NumPyClient object
	)
	Using `start_numpy_client()` is deprecated.

            This is a deprecated feature. It will be removed
            entirely in future versions of Flower.
        
[2025-04-11 02:03:13,227][flwr][WARNING] - DEPRECATED FEATURE: flwr.client.start_client() is deprecated.
	Instead, use the `flower-supernode` CLI command to start a SuperNode as shown below:

		$ flower-supernode --insecure --superlink='<IP>:<PORT>'

	To view all available options, run:

		$ flower-supernode --help

	Using `start_client()` is deprecated.

            This is a deprecated feature. It will be removed
            entirely in future versions of Flower.
        
[2025-04-11 02:03:13,229][flwr][DEBUG] - Opened insecure gRPC connection (no certificates were passed)
[2025-04-11 02:03:13,234][flwr][DEBUG] - ChannelConnectivity.IDLE
[2025-04-11 02:03:13,235][flwr][DEBUG] - ChannelConnectivity.CONNECTING
[2025-04-11 02:03:13,238][flwr][DEBUG] - ChannelConnectivity.READY
[2025-04-11 02:06:03,487][root][INFO] - ccl-e-server;b0:7b:25:0e:e7:96-client close
