[2025-04-10 13:36:54,505][root][INFO] - FL_Task - {"dataset": "MNIST", "start_execution_time": "2025-04-10 13:36:54"}
[2025-04-10 13:36:54,568][__main__][INFO] - data loaded
[2025-04-10 13:36:54,592][__main__][INFO] - Latest Local Model download
[2025-04-10 13:36:54,593][root][INFO] - downloaded local_model_name: MNISTClassifier_local_model_V1.pth
[2025-04-10 13:36:54,605][root][INFO] - init model_type: hyperparameter
[2025-04-10 13:39:14,671][root][INFO] - bulid model
[2025-04-10 13:39:14,671][root][INFO] - FL start
[2025-04-10 13:39:14,680][client_api][INFO] - FL_server_IP:port - ccl.gachon.ac.kr:40025
[2025-04-10 13:39:14,681][root][INFO] - FL learning ready
[2025-04-10 13:39:14,681][root][INFO] - fl_task_id: mnist
[2025-04-10 13:39:14,681][root][INFO] - dataset: MNIST
[2025-04-10 13:39:14,682][root][INFO] - output_size: 10
[2025-04-10 13:39:14,682][root][INFO] - validation_split: 0.2
[2025-04-10 13:39:14,682][root][INFO] - model_type: hyperparameter
[2025-04-10 13:39:14,682][root][INFO] - wandb_key: 38f6cf3c2c37660d42ebfe8ab434b72d34be3b31
[2025-04-10 13:39:14,682][root][INFO] - wandb_account: rirakang@gachon.ac.kr
[2025-04-10 13:39:16,585][root][INFO] - notify_fail start
[2025-04-10 13:39:16,604][root][ERROR] - trainFin
[2025-04-10 14:02:16,111][root][INFO] - bulid model
[2025-04-10 14:02:16,112][root][INFO] - FL start
[2025-04-10 14:02:16,119][client_api][INFO] - FL_server_IP:port - ccl.gachon.ac.kr:40025
[2025-04-10 14:02:16,121][root][INFO] - FL learning ready
[2025-04-10 14:02:16,121][root][INFO] - fl_task_id: mnist
[2025-04-10 14:02:16,121][root][INFO] - dataset: MNIST
[2025-04-10 14:02:16,122][root][INFO] - output_size: 10
[2025-04-10 14:02:16,122][root][INFO] - validation_split: 0.2
[2025-04-10 14:02:16,122][root][INFO] - model_type: hyperparameter
[2025-04-10 14:02:16,122][root][INFO] - wandb_key: 38f6cf3c2c37660d42ebfe8ab434b72d34be3b31
[2025-04-10 14:02:16,123][root][INFO] - wandb_account: rirakang@gachon.ac.kr
[2025-04-10 14:02:16,142][root][INFO] - notify_fail start
[2025-04-10 14:02:16,160][root][ERROR] - trainFin
[2025-04-10 14:06:40,714][root][INFO] - ccl-e-server;b0:7b:25:0e:e7:96-client close
