[2025-04-08 11:29:06,999][root][ERROR] - No read global model
[2025-04-08 11:29:06,999][root][INFO] - gl_model: None, gl_model_v: 0
[2025-04-08 11:29:07,015][root][INFO] - last_gl_model_v: 0
[2025-04-08 11:29:07,015][root][INFO] - init global model making
[2025-04-08 11:29:07,050][flwr][WARNING] - DEPRECATED FEATURE: flwr.server.start_server() is deprecated.
	Instead, use the `flower-superlink` CLI command to start a SuperLink as shown below:

		$ flower-superlink --insecure

	To view usage and all available options, run:

		$ flower-superlink --help

	Using `start_server()` is deprecated.

            This is a deprecated feature. It will be removed
            entirely in future versions of Flower.
        
[2025-04-08 11:29:07,051][flwr][INFO] - Starting Flower server, config: num_rounds=2, no round_timeout
[2025-04-08 11:29:07,063][flwr][INFO] - Flower ECE: gRPC server running (2 rounds), SSL is disabled
[2025-04-08 11:29:07,063][flwr][INFO] - [INIT]
[2025-04-08 11:29:07,063][flwr][INFO] - Using initial global parameters provided by strategy
[2025-04-08 11:29:07,063][flwr][INFO] - Starting evaluation of initial global parameters
[2025-04-08 11:29:10,066][flwr][INFO] - initial parameters (loss, other metrics): 2.304010056242158, {'accuracy': 0.101, 'f1_score': 0.024633485231666502}
[2025-04-08 11:29:10,066][flwr][INFO] - 
[2025-04-08 11:29:10,066][flwr][INFO] - [ROUND 1]
[2025-04-08 11:29:10,066][root][INFO] - server start by round
[2025-04-08 11:29:16,627][flwr][INFO] - Flower server terminated gracefully.
[2025-04-08 11:29:16,627][root][INFO] - server close
[2025-04-08 11:29:16,639][root][INFO] - global model version upgrade
