[2025-04-10 15:18:55,700][root][INFO] - FL_Task - {"dataset": "MNIST", "start_execution_time": "2025-04-10 15:18:55"}
[2025-04-10 15:18:55,767][__main__][INFO] - data loaded
[2025-04-10 15:18:55,792][__main__][INFO] - Latest Local Model download
[2025-04-10 15:18:55,792][root][INFO] - downloaded local_model_name: MNISTClassifier_local_model_V1.pth
[2025-04-10 15:18:55,806][root][INFO] - init model_type: hyperparameter
[2025-04-10 15:19:02,204][root][INFO] - bulid model
[2025-04-10 15:19:02,204][root][INFO] - FL start
[2025-04-10 15:19:02,213][client_api][INFO] - FL_server_IP:port - ccl.gachon.ac.kr:40025
[2025-04-10 15:19:02,215][root][INFO] - FL learning ready
[2025-04-10 15:19:02,215][root][INFO] - fl_task_id: mnist
[2025-04-10 15:19:02,215][root][INFO] - dataset: MNIST
[2025-04-10 15:19:02,215][root][INFO] - output_size: 10
[2025-04-10 15:19:02,215][root][INFO] - validation_split: 0.2
[2025-04-10 15:19:02,215][root][INFO] - model_type: hyperparameter
[2025-04-10 15:19:02,215][root][INFO] - wandb_key: 38f6cf3c2c37660d42ebfe8ab434b72d34be3b31
[2025-04-10 15:19:02,216][root][INFO] - wandb_account: rirakang@gachon.ac.kr
[2025-04-10 15:19:03,896][flwr][WARNING] - DEPRECATED FEATURE: flwr.client.start_numpy_client() is deprecated. 
	Instead, use `flwr.client.start_client()` by ensuring you first call the `.to_client()` method as shown below: 
	flwr.client.start_client(
		server_address='<IP>:<PORT>',
		client=FlowerClient().to_client(), # <-- where FlowerClient is of type flwr.client.NumPyClient object
	)
	Using `start_numpy_client()` is deprecated.

            This is a deprecated feature. It will be removed
            entirely in future versions of Flower.
        
[2025-04-10 15:19:03,898][flwr][WARNING] - DEPRECATED FEATURE: flwr.client.start_client() is deprecated.
	Instead, use the `flower-supernode` CLI command to start a SuperNode as shown below:

		$ flower-supernode --insecure --superlink='<IP>:<PORT>'

	To view all available options, run:

		$ flower-supernode --help

	Using `start_client()` is deprecated.

            This is a deprecated feature. It will be removed
            entirely in future versions of Flower.
        
[2025-04-10 15:19:03,912][flwr][DEBUG] - Opened insecure gRPC connection (no certificates were passed)
[2025-04-10 15:19:03,916][flwr][DEBUG] - ChannelConnectivity.IDLE
[2025-04-10 15:19:03,917][flwr][DEBUG] - ChannelConnectivity.CONNECTING
[2025-04-10 15:19:03,921][flwr][DEBUG] - ChannelConnectivity.TRANSIENT_FAILURE
[2025-04-10 15:19:04,124][flwr][DEBUG] - gRPC channel closed
[2025-04-10 15:19:04,149][root][INFO] - notify_fail start
[2025-04-10 15:19:04,193][root][ERROR] - trainFin
[2025-04-10 15:20:46,463][root][INFO] - bulid model
[2025-04-10 15:20:46,463][root][INFO] - FL start
[2025-04-10 15:20:46,472][client_api][INFO] - FL_server_IP:port - ccl.gachon.ac.kr:40025
[2025-04-10 15:20:46,473][root][INFO] - FL learning ready
[2025-04-10 15:20:46,474][root][INFO] - fl_task_id: mnist
[2025-04-10 15:20:46,474][root][INFO] - dataset: MNIST
[2025-04-10 15:20:46,474][root][INFO] - output_size: 10
[2025-04-10 15:20:46,475][root][INFO] - validation_split: 0.2
[2025-04-10 15:20:46,475][root][INFO] - model_type: hyperparameter
[2025-04-10 15:20:46,475][root][INFO] - wandb_key: 38f6cf3c2c37660d42ebfe8ab434b72d34be3b31
[2025-04-10 15:20:46,475][root][INFO] - wandb_account: rirakang@gachon.ac.kr
[2025-04-10 15:20:46,482][flwr][WARNING] - DEPRECATED FEATURE: flwr.client.start_numpy_client() is deprecated. 
	Instead, use `flwr.client.start_client()` by ensuring you first call the `.to_client()` method as shown below: 
	flwr.client.start_client(
		server_address='<IP>:<PORT>',
		client=FlowerClient().to_client(), # <-- where FlowerClient is of type flwr.client.NumPyClient object
	)
	Using `start_numpy_client()` is deprecated.

            This is a deprecated feature. It will be removed
            entirely in future versions of Flower.
        
[2025-04-10 15:20:46,482][flwr][WARNING] - DEPRECATED FEATURE: flwr.client.start_client() is deprecated.
	Instead, use the `flower-supernode` CLI command to start a SuperNode as shown below:

		$ flower-supernode --insecure --superlink='<IP>:<PORT>'

	To view all available options, run:

		$ flower-supernode --help

	Using `start_client()` is deprecated.

            This is a deprecated feature. It will be removed
            entirely in future versions of Flower.
        
[2025-04-10 15:20:46,484][flwr][DEBUG] - Opened insecure gRPC connection (no certificates were passed)
[2025-04-10 15:20:46,488][flwr][DEBUG] - ChannelConnectivity.IDLE
[2025-04-10 15:20:46,489][flwr][DEBUG] - ChannelConnectivity.CONNECTING
[2025-04-10 15:20:46,494][flwr][DEBUG] - ChannelConnectivity.READY
[2025-04-10 15:28:00,277][root][INFO] - ccl-e-server;b0:7b:25:0e:e7:96-client close
