[2025-04-11 00:58:51,070][root][INFO] - FL_Task - {"dataset": "MNIST", "start_execution_time": "2025-04-11 00:58:51"}
[2025-04-11 00:58:51,134][__main__][INFO] - data loaded
[2025-04-11 00:58:51,159][__main__][INFO] - Latest Local Model download
[2025-04-11 00:58:51,159][root][INFO] - downloaded local_model_name: MNISTClassifier_local_model_V2.pth
[2025-04-11 00:58:51,173][root][INFO] - init model_type: hyperparameter
[2025-04-11 01:00:51,666][root][INFO] - bulid model
[2025-04-11 01:00:51,666][root][INFO] - FL start
[2025-04-11 01:00:51,675][client_api][INFO] - FL_server_IP:port - ccl.gachon.ac.kr:40025
[2025-04-11 01:00:51,676][root][INFO] - FL learning ready
[2025-04-11 01:00:51,676][root][INFO] - fl_task_id: mnist
[2025-04-11 01:00:51,677][root][INFO] - dataset: MNIST
[2025-04-11 01:00:51,677][root][INFO] - output_size: 10
[2025-04-11 01:00:51,677][root][INFO] - validation_split: 0.2
[2025-04-11 01:00:51,677][root][INFO] - model_type: hyperparameter
[2025-04-11 01:00:51,677][root][INFO] - wandb_key: 38f6cf3c2c37660d42ebfe8ab434b72d34be3b31
[2025-04-11 01:00:51,677][root][INFO] - wandb_account: rirakang@gachon.ac.kr
[2025-04-11 01:00:53,343][flwr][WARNING] - DEPRECATED FEATURE: flwr.client.start_numpy_client() is deprecated. 
	Instead, use `flwr.client.start_client()` by ensuring you first call the `.to_client()` method as shown below: 
	flwr.client.start_client(
		server_address='<IP>:<PORT>',
		client=FlowerClient().to_client(), # <-- where FlowerClient is of type flwr.client.NumPyClient object
	)
	Using `start_numpy_client()` is deprecated.

            This is a deprecated feature. It will be removed
            entirely in future versions of Flower.
        
[2025-04-11 01:00:53,345][flwr][WARNING] - DEPRECATED FEATURE: flwr.client.start_client() is deprecated.
	Instead, use the `flower-supernode` CLI command to start a SuperNode as shown below:

		$ flower-supernode --insecure --superlink='<IP>:<PORT>'

	To view all available options, run:

		$ flower-supernode --help

	Using `start_client()` is deprecated.

            This is a deprecated feature. It will be removed
            entirely in future versions of Flower.
        
[2025-04-11 01:00:53,355][flwr][DEBUG] - Opened insecure gRPC connection (no certificates were passed)
[2025-04-11 01:00:53,356][flwr][DEBUG] - ChannelConnectivity.IDLE
[2025-04-11 01:00:53,357][flwr][DEBUG] - ChannelConnectivity.CONNECTING
[2025-04-11 01:00:53,361][flwr][DEBUG] - ChannelConnectivity.READY
