[2025-04-11 02:13:55,417][root][INFO] - FL_Task - {"dataset": "MNIST", "start_execution_time": "2025-04-11 02:13:55"}
[2025-04-11 02:13:55,483][__main__][INFO] - data loaded
[2025-04-11 02:13:55,507][__main__][INFO] - Latest Local Model download
[2025-04-11 02:13:55,508][root][INFO] - downloaded local_model_name: MNISTClassifier_local_model_V2.pth
[2025-04-11 02:13:55,521][root][INFO] - init model_type: hyperparameter
[2025-04-11 02:14:01,170][root][INFO] - bulid model
[2025-04-11 02:14:01,170][root][INFO] - FL start
[2025-04-11 02:14:01,180][client_api][INFO] - FL_server_IP:port - ccl.gachon.ac.kr:40025
[2025-04-11 02:14:01,181][root][INFO] - FL learning ready
[2025-04-11 02:14:01,181][root][INFO] - fl_task_id: mnist
[2025-04-11 02:14:01,181][root][INFO] - dataset: MNIST
[2025-04-11 02:14:01,181][root][INFO] - output_size: 10
[2025-04-11 02:14:01,181][root][INFO] - validation_split: 0.2
[2025-04-11 02:14:01,181][root][INFO] - model_type: hyperparameter
[2025-04-11 02:14:01,181][root][INFO] - wandb_key: 38f6cf3c2c37660d42ebfe8ab434b72d34be3b31
[2025-04-11 02:14:01,182][root][INFO] - wandb_account: rirakang@gachon.ac.kr
[2025-04-11 02:14:02,843][flwr][WARNING] - DEPRECATED FEATURE: flwr.client.start_numpy_client() is deprecated. 
	Instead, use `flwr.client.start_client()` by ensuring you first call the `.to_client()` method as shown below: 
	flwr.client.start_client(
		server_address='<IP>:<PORT>',
		client=FlowerClient().to_client(), # <-- where FlowerClient is of type flwr.client.NumPyClient object
	)
	Using `start_numpy_client()` is deprecated.

            This is a deprecated feature. It will be removed
            entirely in future versions of Flower.
        
[2025-04-11 02:14:02,845][flwr][WARNING] - DEPRECATED FEATURE: flwr.client.start_client() is deprecated.
	Instead, use the `flower-supernode` CLI command to start a SuperNode as shown below:

		$ flower-supernode --insecure --superlink='<IP>:<PORT>'

	To view all available options, run:

		$ flower-supernode --help

	Using `start_client()` is deprecated.

            This is a deprecated feature. It will be removed
            entirely in future versions of Flower.
        
[2025-04-11 02:14:02,858][flwr][DEBUG] - Opened insecure gRPC connection (no certificates were passed)
[2025-04-11 02:14:02,862][flwr][DEBUG] - ChannelConnectivity.IDLE
[2025-04-11 02:14:02,863][flwr][DEBUG] - ChannelConnectivity.CONNECTING
[2025-04-11 02:14:02,868][flwr][DEBUG] - ChannelConnectivity.TRANSIENT_FAILURE
[2025-04-11 02:14:03,071][flwr][DEBUG] - gRPC channel closed
[2025-04-11 02:14:03,097][root][INFO] - notify_fail start
[2025-04-11 02:14:03,115][root][ERROR] - trainFin
[2025-04-11 02:15:53,907][root][INFO] - bulid model
[2025-04-11 02:15:53,908][root][INFO] - FL start
[2025-04-11 02:15:53,922][client_api][INFO] - FL_server_IP:port - ccl.gachon.ac.kr:40025
[2025-04-11 02:15:53,923][root][INFO] - FL learning ready
[2025-04-11 02:15:53,924][root][INFO] - fl_task_id: mnist
[2025-04-11 02:15:53,924][root][INFO] - dataset: MNIST
[2025-04-11 02:15:53,924][root][INFO] - output_size: 10
[2025-04-11 02:15:53,925][root][INFO] - validation_split: 0.2
[2025-04-11 02:15:53,925][root][INFO] - model_type: hyperparameter
[2025-04-11 02:15:53,925][root][INFO] - wandb_key: 38f6cf3c2c37660d42ebfe8ab434b72d34be3b31
[2025-04-11 02:15:53,925][root][INFO] - wandb_account: rirakang@gachon.ac.kr
[2025-04-11 02:15:53,932][flwr][WARNING] - DEPRECATED FEATURE: flwr.client.start_numpy_client() is deprecated. 
	Instead, use `flwr.client.start_client()` by ensuring you first call the `.to_client()` method as shown below: 
	flwr.client.start_client(
		server_address='<IP>:<PORT>',
		client=FlowerClient().to_client(), # <-- where FlowerClient is of type flwr.client.NumPyClient object
	)
	Using `start_numpy_client()` is deprecated.

            This is a deprecated feature. It will be removed
            entirely in future versions of Flower.
        
[2025-04-11 02:15:53,933][flwr][WARNING] - DEPRECATED FEATURE: flwr.client.start_client() is deprecated.
	Instead, use the `flower-supernode` CLI command to start a SuperNode as shown below:

		$ flower-supernode --insecure --superlink='<IP>:<PORT>'

	To view all available options, run:

		$ flower-supernode --help

	Using `start_client()` is deprecated.

            This is a deprecated feature. It will be removed
            entirely in future versions of Flower.
        
[2025-04-11 02:15:53,935][flwr][DEBUG] - Opened insecure gRPC connection (no certificates were passed)
[2025-04-11 02:15:53,940][flwr][DEBUG] - ChannelConnectivity.IDLE
[2025-04-11 02:15:53,941][flwr][DEBUG] - ChannelConnectivity.CONNECTING
[2025-04-11 02:15:53,945][flwr][DEBUG] - ChannelConnectivity.READY
