[2025-04-10 15:05:31,124][root][INFO] - FL_Task - {"dataset": "MNIST", "start_execution_time": "2025-04-10 15:05:31"}
[2025-04-10 15:05:31,194][__main__][INFO] - data loaded
[2025-04-10 15:05:31,220][__main__][INFO] - Latest Local Model download
[2025-04-10 15:05:31,220][root][INFO] - downloaded local_model_name: MNISTClassifier_local_model_V1.pth
[2025-04-10 15:05:31,234][root][INFO] - init model_type: hyperparameter
[2025-04-10 15:05:40,015][root][INFO] - bulid model
[2025-04-10 15:05:40,016][root][INFO] - FL start
[2025-04-10 15:05:40,025][client_api][INFO] - FL_server_IP:port - ccl.gachon.ac.kr:40025
[2025-04-10 15:05:40,026][root][INFO] - FL learning ready
[2025-04-10 15:05:40,027][root][INFO] - fl_task_id: mnist
[2025-04-10 15:05:40,027][root][INFO] - dataset: MNIST
[2025-04-10 15:05:40,027][root][INFO] - output_size: 10
[2025-04-10 15:05:40,027][root][INFO] - validation_split: 0.2
[2025-04-10 15:05:40,027][root][INFO] - model_type: hyperparameter
[2025-04-10 15:05:40,027][root][INFO] - wandb_key: 38f6cf3c2c37660d42ebfe8ab434b72d34be3b31
[2025-04-10 15:05:40,027][root][INFO] - wandb_account: rirakang@gachon.ac.kr
[2025-04-10 15:05:41,672][flwr][WARNING] - DEPRECATED FEATURE: flwr.client.start_numpy_client() is deprecated. 
	Instead, use `flwr.client.start_client()` by ensuring you first call the `.to_client()` method as shown below: 
	flwr.client.start_client(
		server_address='<IP>:<PORT>',
		client=FlowerClient().to_client(), # <-- where FlowerClient is of type flwr.client.NumPyClient object
	)
	Using `start_numpy_client()` is deprecated.

            This is a deprecated feature. It will be removed
            entirely in future versions of Flower.
        
[2025-04-10 15:05:41,674][flwr][WARNING] - DEPRECATED FEATURE: flwr.client.start_client() is deprecated.
	Instead, use the `flower-supernode` CLI command to start a SuperNode as shown below:

		$ flower-supernode --insecure --superlink='<IP>:<PORT>'

	To view all available options, run:

		$ flower-supernode --help

	Using `start_client()` is deprecated.

            This is a deprecated feature. It will be removed
            entirely in future versions of Flower.
        
[2025-04-10 15:05:41,687][flwr][DEBUG] - Opened insecure gRPC connection (no certificates were passed)
[2025-04-10 15:05:41,691][flwr][DEBUG] - ChannelConnectivity.IDLE
[2025-04-10 15:05:41,692][flwr][DEBUG] - ChannelConnectivity.CONNECTING
[2025-04-10 15:05:41,697][flwr][DEBUG] - ChannelConnectivity.READY
