[2025-04-10 15:28:45,855][root][INFO] - FL_Task - {"dataset": "MNIST", "start_execution_time": "2025-04-10 15:28:45"}
[2025-04-10 15:28:45,923][__main__][INFO] - data loaded
[2025-04-10 15:28:45,950][__main__][INFO] - Latest Local Model download
[2025-04-10 15:28:45,950][root][INFO] - downloaded local_model_name: MNISTClassifier_local_model_V1.pth
[2025-04-10 15:28:45,965][root][INFO] - init model_type: hyperparameter
[2025-04-10 15:28:59,219][root][INFO] - bulid model
[2025-04-10 15:28:59,219][root][INFO] - FL start
[2025-04-10 15:28:59,227][client_api][INFO] - FL_server_IP:port - ccl.gachon.ac.kr:40025
[2025-04-10 15:28:59,228][root][INFO] - FL learning ready
[2025-04-10 15:28:59,228][root][INFO] - fl_task_id: mnist
[2025-04-10 15:28:59,228][root][INFO] - dataset: MNIST
[2025-04-10 15:28:59,228][root][INFO] - output_size: 10
[2025-04-10 15:28:59,228][root][INFO] - validation_split: 0.2
[2025-04-10 15:28:59,228][root][INFO] - model_type: hyperparameter
[2025-04-10 15:28:59,229][root][INFO] - wandb_key: 38f6cf3c2c37660d42ebfe8ab434b72d34be3b31
[2025-04-10 15:28:59,229][root][INFO] - wandb_account: rirakang@gachon.ac.kr
[2025-04-10 15:29:00,935][flwr][WARNING] - DEPRECATED FEATURE: flwr.client.start_numpy_client() is deprecated. 
	Instead, use `flwr.client.start_client()` by ensuring you first call the `.to_client()` method as shown below: 
	flwr.client.start_client(
		server_address='<IP>:<PORT>',
		client=FlowerClient().to_client(), # <-- where FlowerClient is of type flwr.client.NumPyClient object
	)
	Using `start_numpy_client()` is deprecated.

            This is a deprecated feature. It will be removed
            entirely in future versions of Flower.
        
[2025-04-10 15:29:00,936][flwr][WARNING] - DEPRECATED FEATURE: flwr.client.start_client() is deprecated.
	Instead, use the `flower-supernode` CLI command to start a SuperNode as shown below:

		$ flower-supernode --insecure --superlink='<IP>:<PORT>'

	To view all available options, run:

		$ flower-supernode --help

	Using `start_client()` is deprecated.

            This is a deprecated feature. It will be removed
            entirely in future versions of Flower.
        
[2025-04-10 15:29:00,950][flwr][DEBUG] - Opened insecure gRPC connection (no certificates were passed)
[2025-04-10 15:29:00,953][flwr][DEBUG] - ChannelConnectivity.IDLE
[2025-04-10 15:29:00,954][flwr][DEBUG] - ChannelConnectivity.CONNECTING
[2025-04-10 15:29:00,960][flwr][DEBUG] - ChannelConnectivity.TRANSIENT_FAILURE
[2025-04-10 15:29:01,163][flwr][DEBUG] - gRPC channel closed
[2025-04-10 15:29:01,187][root][INFO] - notify_fail start
[2025-04-10 15:29:01,207][root][ERROR] - trainFin
[2025-04-10 15:30:43,492][root][INFO] - bulid model
[2025-04-10 15:30:43,493][root][INFO] - FL start
[2025-04-10 15:30:43,501][client_api][INFO] - FL_server_IP:port - ccl.gachon.ac.kr:40025
[2025-04-10 15:30:43,502][root][INFO] - FL learning ready
[2025-04-10 15:30:43,503][root][INFO] - fl_task_id: mnist
[2025-04-10 15:30:43,503][root][INFO] - dataset: MNIST
[2025-04-10 15:30:43,503][root][INFO] - output_size: 10
[2025-04-10 15:30:43,504][root][INFO] - validation_split: 0.2
[2025-04-10 15:30:43,504][root][INFO] - model_type: hyperparameter
[2025-04-10 15:30:43,504][root][INFO] - wandb_key: 38f6cf3c2c37660d42ebfe8ab434b72d34be3b31
[2025-04-10 15:30:43,504][root][INFO] - wandb_account: rirakang@gachon.ac.kr
[2025-04-10 15:30:43,510][flwr][WARNING] - DEPRECATED FEATURE: flwr.client.start_numpy_client() is deprecated. 
	Instead, use `flwr.client.start_client()` by ensuring you first call the `.to_client()` method as shown below: 
	flwr.client.start_client(
		server_address='<IP>:<PORT>',
		client=FlowerClient().to_client(), # <-- where FlowerClient is of type flwr.client.NumPyClient object
	)
	Using `start_numpy_client()` is deprecated.

            This is a deprecated feature. It will be removed
            entirely in future versions of Flower.
        
[2025-04-10 15:30:43,511][flwr][WARNING] - DEPRECATED FEATURE: flwr.client.start_client() is deprecated.
	Instead, use the `flower-supernode` CLI command to start a SuperNode as shown below:

		$ flower-supernode --insecure --superlink='<IP>:<PORT>'

	To view all available options, run:

		$ flower-supernode --help

	Using `start_client()` is deprecated.

            This is a deprecated feature. It will be removed
            entirely in future versions of Flower.
        
[2025-04-10 15:30:43,514][flwr][DEBUG] - Opened insecure gRPC connection (no certificates were passed)
[2025-04-10 15:30:43,518][flwr][DEBUG] - ChannelConnectivity.IDLE
[2025-04-10 15:30:43,519][flwr][DEBUG] - ChannelConnectivity.CONNECTING
[2025-04-10 15:30:43,522][flwr][DEBUG] - ChannelConnectivity.READY
