[2025-04-11 02:39:55,813][root][INFO] - FL_Task - {"dataset": "MNIST", "start_execution_time": "2025-04-11 02:39:55"}
[2025-04-11 02:39:55,881][__main__][INFO] - data loaded
[2025-04-11 02:39:55,905][__main__][INFO] - Latest Local Model download
[2025-04-11 02:39:55,906][root][INFO] - downloaded local_model_name: MNISTClassifier_local_model_V2.pth
[2025-04-11 02:39:55,919][root][INFO] - init model_type: hyperparameter
[2025-04-11 02:40:08,957][root][INFO] - bulid model
[2025-04-11 02:40:08,957][root][INFO] - FL start
[2025-04-11 02:40:08,966][client_api][INFO] - FL_server_IP:port - ccl.gachon.ac.kr:40025
[2025-04-11 02:40:08,967][root][INFO] - FL learning ready
[2025-04-11 02:40:08,967][root][INFO] - fl_task_id: mnist
[2025-04-11 02:40:08,968][root][INFO] - dataset: MNIST
[2025-04-11 02:40:08,968][root][INFO] - output_size: 10
[2025-04-11 02:40:08,968][root][INFO] - validation_split: 0.2
[2025-04-11 02:40:08,968][root][INFO] - model_type: hyperparameter
[2025-04-11 02:40:08,968][root][INFO] - wandb_key: 38f6cf3c2c37660d42ebfe8ab434b72d34be3b31
[2025-04-11 02:40:08,968][root][INFO] - wandb_account: rirakang@gachon.ac.kr
[2025-04-11 02:40:10,661][flwr][WARNING] - DEPRECATED FEATURE: flwr.client.start_numpy_client() is deprecated. 
	Instead, use `flwr.client.start_client()` by ensuring you first call the `.to_client()` method as shown below: 
	flwr.client.start_client(
		server_address='<IP>:<PORT>',
		client=FlowerClient().to_client(), # <-- where FlowerClient is of type flwr.client.NumPyClient object
	)
	Using `start_numpy_client()` is deprecated.

            This is a deprecated feature. It will be removed
            entirely in future versions of Flower.
        
[2025-04-11 02:40:10,663][flwr][WARNING] - DEPRECATED FEATURE: flwr.client.start_client() is deprecated.
	Instead, use the `flower-supernode` CLI command to start a SuperNode as shown below:

		$ flower-supernode --insecure --superlink='<IP>:<PORT>'

	To view all available options, run:

		$ flower-supernode --help

	Using `start_client()` is deprecated.

            This is a deprecated feature. It will be removed
            entirely in future versions of Flower.
        
[2025-04-11 02:40:10,672][flwr][DEBUG] - Opened insecure gRPC connection (no certificates were passed)
[2025-04-11 02:40:10,674][flwr][DEBUG] - ChannelConnectivity.IDLE
[2025-04-11 02:40:10,675][flwr][DEBUG] - ChannelConnectivity.CONNECTING
[2025-04-11 02:40:10,680][flwr][DEBUG] - ChannelConnectivity.TRANSIENT_FAILURE
[2025-04-11 02:40:10,883][flwr][DEBUG] - gRPC channel closed
[2025-04-11 02:40:10,883][root][INFO] - [E][PC0002] learning <_MultiThreadedRendezvous of RPC that terminated with:
	status = StatusCode.UNAVAILABLE
	details = "failed to connect to all addresses; last error: UNAVAILABLE: ipv4:192.9.201.228:40025: Socket closed"
	debug_error_string = "UNKNOWN:Error received from peer  {created_time:"2025-04-11T02:40:10.679720964+09:00", grpc_status:14, grpc_message:"failed to connect to all addresses; last error: UNAVAILABLE: ipv4:192.9.201.228:40025: Socket closed"}"
>
[2025-04-11 02:40:10,884][root][INFO] - notify_fail start
[2025-04-11 02:40:10,906][root][ERROR] - trainFin
[2025-04-11 02:41:02,206][root][INFO] - bulid model
[2025-04-11 02:41:02,207][root][INFO] - FL start
[2025-04-11 02:41:02,216][client_api][INFO] - FL_server_IP:port - ccl.gachon.ac.kr:40025
[2025-04-11 02:41:02,217][root][INFO] - FL learning ready
[2025-04-11 02:41:02,217][root][INFO] - fl_task_id: mnist
[2025-04-11 02:41:02,218][root][INFO] - dataset: MNIST
[2025-04-11 02:41:02,218][root][INFO] - output_size: 10
[2025-04-11 02:41:02,218][root][INFO] - validation_split: 0.2
[2025-04-11 02:41:02,218][root][INFO] - model_type: hyperparameter
[2025-04-11 02:41:02,219][root][INFO] - wandb_key: 38f6cf3c2c37660d42ebfe8ab434b72d34be3b31
[2025-04-11 02:41:02,219][root][INFO] - wandb_account: rirakang@gachon.ac.kr
[2025-04-11 02:41:02,224][flwr][WARNING] - DEPRECATED FEATURE: flwr.client.start_numpy_client() is deprecated. 
	Instead, use `flwr.client.start_client()` by ensuring you first call the `.to_client()` method as shown below: 
	flwr.client.start_client(
		server_address='<IP>:<PORT>',
		client=FlowerClient().to_client(), # <-- where FlowerClient is of type flwr.client.NumPyClient object
	)
	Using `start_numpy_client()` is deprecated.

            This is a deprecated feature. It will be removed
            entirely in future versions of Flower.
        
[2025-04-11 02:41:02,225][flwr][WARNING] - DEPRECATED FEATURE: flwr.client.start_client() is deprecated.
	Instead, use the `flower-supernode` CLI command to start a SuperNode as shown below:

		$ flower-supernode --insecure --superlink='<IP>:<PORT>'

	To view all available options, run:

		$ flower-supernode --help

	Using `start_client()` is deprecated.

            This is a deprecated feature. It will be removed
            entirely in future versions of Flower.
        
[2025-04-11 02:41:02,227][flwr][DEBUG] - Opened insecure gRPC connection (no certificates were passed)
[2025-04-11 02:41:02,232][flwr][DEBUG] - ChannelConnectivity.IDLE
[2025-04-11 02:41:02,233][flwr][DEBUG] - ChannelConnectivity.CONNECTING
[2025-04-11 02:41:02,236][flwr][DEBUG] - ChannelConnectivity.READY
