[2025-04-10 14:06:51,233][root][INFO] - FL_Task - {"dataset": "MNIST", "start_execution_time": "2025-04-10 14:06:51"}
[2025-04-10 14:06:51,297][__main__][INFO] - data loaded
[2025-04-10 14:06:51,323][__main__][INFO] - Latest Local Model download
[2025-04-10 14:06:51,324][root][INFO] - downloaded local_model_name: MNISTClassifier_local_model_V1.pth
[2025-04-10 14:06:51,339][root][INFO] - init model_type: hyperparameter
[2025-04-10 14:09:20,547][root][INFO] - bulid model
[2025-04-10 14:09:20,547][root][INFO] - FL start
[2025-04-10 14:09:20,557][client_api][INFO] - FL_server_IP:port - ccl.gachon.ac.kr:40025
[2025-04-10 14:09:20,558][root][INFO] - FL learning ready
[2025-04-10 14:09:20,558][root][INFO] - fl_task_id: mnist
[2025-04-10 14:09:20,558][root][INFO] - dataset: MNIST
[2025-04-10 14:09:20,558][root][INFO] - output_size: 10
[2025-04-10 14:09:20,558][root][INFO] - validation_split: 0.2
[2025-04-10 14:09:20,559][root][INFO] - model_type: hyperparameter
[2025-04-10 14:09:20,559][root][INFO] - wandb_key: 38f6cf3c2c37660d42ebfe8ab434b72d34be3b31
[2025-04-10 14:09:20,559][root][INFO] - wandb_account: rirakang@gachon.ac.kr
[2025-04-10 14:09:22,237][flwr][WARNING] - DEPRECATED FEATURE: flwr.client.start_numpy_client() is deprecated. 
	Instead, use `flwr.client.start_client()` by ensuring you first call the `.to_client()` method as shown below: 
	flwr.client.start_client(
		server_address='<IP>:<PORT>',
		client=FlowerClient().to_client(), # <-- where FlowerClient is of type flwr.client.NumPyClient object
	)
	Using `start_numpy_client()` is deprecated.

            This is a deprecated feature. It will be removed
            entirely in future versions of Flower.
        
[2025-04-10 14:09:22,239][flwr][WARNING] - DEPRECATED FEATURE: flwr.client.start_client() is deprecated.
	Instead, use the `flower-supernode` CLI command to start a SuperNode as shown below:

		$ flower-supernode --insecure --superlink='<IP>:<PORT>'

	To view all available options, run:

		$ flower-supernode --help

	Using `start_client()` is deprecated.

            This is a deprecated feature. It will be removed
            entirely in future versions of Flower.
        
[2025-04-10 14:09:22,253][flwr][DEBUG] - Opened insecure gRPC connection (no certificates were passed)
[2025-04-10 14:09:22,257][flwr][DEBUG] - ChannelConnectivity.IDLE
[2025-04-10 14:09:22,258][flwr][DEBUG] - ChannelConnectivity.CONNECTING
[2025-04-10 14:09:22,263][flwr][DEBUG] - ChannelConnectivity.READY
[2025-04-10 14:13:19,827][root][INFO] - ccl-e-server;b0:7b:25:0e:e7:96-client close
