[2025-04-11 00:55:29,037][root][INFO] - FL_Task - {"dataset": "MNIST", "start_execution_time": "2025-04-11 00:55:29"}
[2025-04-11 00:55:29,102][__main__][INFO] - data loaded
[2025-04-11 00:55:29,126][__main__][INFO] - Latest Local Model download
[2025-04-11 00:55:29,126][root][INFO] - downloaded local_model_name: MNISTClassifier_local_model_V1.pth
[2025-04-11 00:55:29,139][root][INFO] - init model_type: Pytorch
[2025-04-11 00:55:44,417][root][INFO] - bulid model
[2025-04-11 00:55:44,417][root][INFO] - FL start
[2025-04-11 00:55:44,426][client_api][INFO] - FL_server_IP:port - ccl.gachon.ac.kr:40025
[2025-04-11 00:55:44,427][root][INFO] - FL learning ready
[2025-04-11 00:55:44,427][root][INFO] - fl_task_id: mnist
[2025-04-11 00:55:44,428][root][INFO] - dataset: MNIST
[2025-04-11 00:55:44,428][root][INFO] - output_size: 10
[2025-04-11 00:55:44,428][root][INFO] - validation_split: 0.2
[2025-04-11 00:55:44,428][root][INFO] - model_type: Pytorch
[2025-04-11 00:55:44,428][root][INFO] - wandb_key: 38f6cf3c2c37660d42ebfe8ab434b72d34be3b31
[2025-04-11 00:55:44,428][root][INFO] - wandb_account: rirakang@gachon.ac.kr
[2025-04-11 00:55:46,189][flwr][WARNING] - DEPRECATED FEATURE: flwr.client.start_numpy_client() is deprecated. 
	Instead, use `flwr.client.start_client()` by ensuring you first call the `.to_client()` method as shown below: 
	flwr.client.start_client(
		server_address='<IP>:<PORT>',
		client=FlowerClient().to_client(), # <-- where FlowerClient is of type flwr.client.NumPyClient object
	)
	Using `start_numpy_client()` is deprecated.

            This is a deprecated feature. It will be removed
            entirely in future versions of Flower.
        
[2025-04-11 00:55:46,190][flwr][WARNING] - DEPRECATED FEATURE: flwr.client.start_client() is deprecated.
	Instead, use the `flower-supernode` CLI command to start a SuperNode as shown below:

		$ flower-supernode --insecure --superlink='<IP>:<PORT>'

	To view all available options, run:

		$ flower-supernode --help

	Using `start_client()` is deprecated.

            This is a deprecated feature. It will be removed
            entirely in future versions of Flower.
        
[2025-04-11 00:55:46,207][flwr][DEBUG] - Opened insecure gRPC connection (no certificates were passed)
[2025-04-11 00:55:46,211][flwr][DEBUG] - ChannelConnectivity.IDLE
[2025-04-11 00:55:46,212][flwr][DEBUG] - ChannelConnectivity.CONNECTING
[2025-04-11 00:55:46,216][flwr][DEBUG] - ChannelConnectivity.READY
[2025-04-11 00:55:48,126][flwr][INFO] - 
[2025-04-11 00:55:48,127][flwr][INFO] - Received: train message 1e731bab-8e7e-40b3-9d6b-ed7347cc5c45
[2025-04-11 00:55:57,900][client_fl][INFO] - train_performance - {"fl_task_id": "mnist", "client_mac": "b0:7b:25:0e:e7:96", "client_name": "ccl-e-server", "round": 1, "gl_model_v": 2, "train_loss": 0.016472107322733017, "train_accuracy": 0.99475, "train_f1_score": 0.9947477326416323, "val_loss": 0.02463235978211742, "val_accuracy": 0.99025, "val_f1_score": 0.9902419484334026, "train_time": 9.762465476989746, "wandb_name": "ccl-e-server-v0(2025-04-11 00:55:29.140468)"}
[2025-04-11 00:55:58,000][flwr][INFO] - Sent reply
[2025-04-11 00:56:04,260][flwr][INFO] - 
[2025-04-11 00:56:04,261][flwr][INFO] - Received: evaluate message 95a22777-2160-4a85-93f4-ff03a19241f8
[2025-04-11 00:56:05,557][client_fl][INFO] - test - {"fl_task_id": "mnist", "client_mac": "b0:7b:25:0e:e7:96", "client_name": "ccl-e-server", "round": 1, "test_loss": 0.028955241141375154, "test_accuracy": 0.99075, "gl_model_v": 2, "wandb_name": "ccl-e-server-v0(2025-04-11 00:55:29.140468)"}
[2025-04-11 00:56:05,574][flwr][INFO] - Sent reply
[2025-04-11 00:56:05,595][flwr][INFO] - 
[2025-04-11 00:56:05,595][flwr][INFO] - Received: reconnect message 562fc9d4-fdb9-463b-92f0-763ca2d19985
[2025-04-11 00:56:05,600][flwr][DEBUG] - gRPC channel closed
[2025-04-11 00:56:05,600][flwr][INFO] - Disconnect and shut down
[2025-04-11 00:56:05,602][root][INFO] - fl learning finished
[2025-04-11 00:56:07,316][root][ERROR] - wandb system load error: Could not find project MNIST_mnist
[2025-04-11 00:56:07,317][root][INFO] - client_operation_time - {"fl_task_id": "mnist", "client_mac": "b0:7b:25:0e:e7:96", "client_name": "ccl-e-server", "operation_time": 19.415854930877686, "gl_model_v": 2}
[2025-04-11 00:56:07,333][root][INFO] - try notify_fin
[2025-04-11 00:56:07,353][root][INFO] - trainFin
[2025-04-11 00:56:07,353][root][INFO] - FL Client Learning Finish
[2025-04-11 00:58:38,641][root][INFO] - ccl-e-server;b0:7b:25:0e:e7:96-client close
