[2025-04-11 02:46:53,997][root][INFO] - FL_Task - {"dataset": "MNIST", "start_execution_time": "2025-04-11 02:46:53"}
[2025-04-11 02:46:54,062][__main__][INFO] - data loaded
[2025-04-11 02:46:54,089][__main__][INFO] - Latest Local Model download
[2025-04-11 02:46:54,090][root][INFO] - downloaded local_model_name: MNISTClassifier_local_model_V2.pth
[2025-04-11 02:46:54,103][root][INFO] - init model_type: hyperparameter
[2025-04-11 02:47:01,515][root][INFO] - bulid model
[2025-04-11 02:47:01,515][root][INFO] - FL start
[2025-04-11 02:47:01,526][client_api][INFO] - FL_server_IP:port - ccl.gachon.ac.kr:40025
[2025-04-11 02:47:01,527][root][INFO] - FL learning ready
[2025-04-11 02:47:01,527][root][INFO] - fl_task_id: mnist
[2025-04-11 02:47:01,527][root][INFO] - dataset: MNIST
[2025-04-11 02:47:01,528][root][INFO] - output_size: 10
[2025-04-11 02:47:01,528][root][INFO] - validation_split: 0.2
[2025-04-11 02:47:01,528][root][INFO] - model_type: hyperparameter
[2025-04-11 02:47:01,528][root][INFO] - wandb_key: 38f6cf3c2c37660d42ebfe8ab434b72d34be3b31
[2025-04-11 02:47:01,528][root][INFO] - wandb_account: rirakang@gachon.ac.kr
[2025-04-11 02:47:03,223][flwr][WARNING] - DEPRECATED FEATURE: flwr.client.start_numpy_client() is deprecated. 
	Instead, use `flwr.client.start_client()` by ensuring you first call the `.to_client()` method as shown below: 
	flwr.client.start_client(
		server_address='<IP>:<PORT>',
		client=FlowerClient().to_client(), # <-- where FlowerClient is of type flwr.client.NumPyClient object
	)
	Using `start_numpy_client()` is deprecated.

            This is a deprecated feature. It will be removed
            entirely in future versions of Flower.
        
[2025-04-11 02:47:03,224][flwr][WARNING] - DEPRECATED FEATURE: flwr.client.start_client() is deprecated.
	Instead, use the `flower-supernode` CLI command to start a SuperNode as shown below:

		$ flower-supernode --insecure --superlink='<IP>:<PORT>'

	To view all available options, run:

		$ flower-supernode --help

	Using `start_client()` is deprecated.

            This is a deprecated feature. It will be removed
            entirely in future versions of Flower.
        
[2025-04-11 02:47:03,238][flwr][DEBUG] - Opened insecure gRPC connection (no certificates were passed)
[2025-04-11 02:47:03,241][flwr][DEBUG] - ChannelConnectivity.IDLE
[2025-04-11 02:47:03,242][flwr][DEBUG] - ChannelConnectivity.CONNECTING
[2025-04-11 02:47:03,246][flwr][DEBUG] - ChannelConnectivity.TRANSIENT_FAILURE
[2025-04-11 02:47:03,449][flwr][DEBUG] - gRPC channel closed
[2025-04-11 02:47:03,449][root][INFO] - [E][PC0002] learning <_MultiThreadedRendezvous of RPC that terminated with:
	status = StatusCode.UNAVAILABLE
	details = "failed to connect to all addresses; last error: UNAVAILABLE: ipv4:192.9.201.228:40025: Socket closed"
	debug_error_string = "UNKNOWN:Error received from peer  {created_time:"2025-04-11T02:47:03.246842464+09:00", grpc_status:14, grpc_message:"failed to connect to all addresses; last error: UNAVAILABLE: ipv4:192.9.201.228:40025: Socket closed"}"
>
[2025-04-11 02:47:03,450][root][INFO] - notify_fail start
[2025-04-11 02:47:03,473][root][ERROR] - trainFin
[2025-04-11 02:48:20,267][root][INFO] - bulid model
[2025-04-11 02:48:20,267][root][INFO] - FL start
[2025-04-11 02:48:20,276][client_api][INFO] - FL_server_IP:port - ccl.gachon.ac.kr:40025
[2025-04-11 02:48:20,278][root][INFO] - FL learning ready
[2025-04-11 02:48:20,278][root][INFO] - fl_task_id: mnist
[2025-04-11 02:48:20,278][root][INFO] - dataset: MNIST
[2025-04-11 02:48:20,279][root][INFO] - output_size: 10
[2025-04-11 02:48:20,279][root][INFO] - validation_split: 0.2
[2025-04-11 02:48:20,279][root][INFO] - model_type: hyperparameter
[2025-04-11 02:48:20,279][root][INFO] - wandb_key: 38f6cf3c2c37660d42ebfe8ab434b72d34be3b31
[2025-04-11 02:48:20,280][root][INFO] - wandb_account: rirakang@gachon.ac.kr
[2025-04-11 02:48:20,285][flwr][WARNING] - DEPRECATED FEATURE: flwr.client.start_numpy_client() is deprecated. 
	Instead, use `flwr.client.start_client()` by ensuring you first call the `.to_client()` method as shown below: 
	flwr.client.start_client(
		server_address='<IP>:<PORT>',
		client=FlowerClient().to_client(), # <-- where FlowerClient is of type flwr.client.NumPyClient object
	)
	Using `start_numpy_client()` is deprecated.

            This is a deprecated feature. It will be removed
            entirely in future versions of Flower.
        
[2025-04-11 02:48:20,286][flwr][WARNING] - DEPRECATED FEATURE: flwr.client.start_client() is deprecated.
	Instead, use the `flower-supernode` CLI command to start a SuperNode as shown below:

		$ flower-supernode --insecure --superlink='<IP>:<PORT>'

	To view all available options, run:

		$ flower-supernode --help

	Using `start_client()` is deprecated.

            This is a deprecated feature. It will be removed
            entirely in future versions of Flower.
        
[2025-04-11 02:48:20,288][flwr][DEBUG] - Opened insecure gRPC connection (no certificates were passed)
[2025-04-11 02:48:20,293][flwr][DEBUG] - ChannelConnectivity.IDLE
[2025-04-11 02:48:20,294][flwr][DEBUG] - ChannelConnectivity.CONNECTING
[2025-04-11 02:48:20,299][flwr][DEBUG] - ChannelConnectivity.READY
